[fortgag.com/index.html]
[backblue.gif]
[fade.gif]
[index.html]
[fortgag.com/img/favicon.ico]
[ww38.mywebsiteurl.com/social-share-image.html]
[ww38.mywebsiteurl.com/twitter-share-image.html]
[cdn.linearicons.com/free/1.0.0/icon-font.min.css]
[use.fontawesome.com/releases/v5.5.0/css/all.css]
[fortgag.com/css/bootstrap.min.css]
[fortgag.com/css/animate.css]
[fortgag.com/css/magnific-popup.css]
[fortgag.com/css/style.css]
[fortgag.com/img/logo.png]
[fortgag.com/img/1a.png]
[fortgag.com/img/kratos x.png]
[fortgag.com/img/venom x.png]
[fortgag.com/img/the mandalorian x.png]
[fortgag.com/img/the joker x.png]
[fortgag.com/img/master chief x.png]
[fortgag.com/img/midas rex x.png]
[fortgag.com/img/shadow midas x.png]
[fortgag.com/img/9a.png]
[fortgag.com/img/10a.png]
[fortgag.com/img/11a.png]
[fortgag.com/img/12.png]
[fortgag.com/img/13.png]
[fortgag.com/img/14.png]
[fortgag.com/img/15.png]
[fortgag.com/img/16.png]
[fortgag.com/img/17.png]
[fortgag.com/img/18.png]
[fortgag.com/img/19.png]
[fortgag.com/img/20.png]
[ajax.googleapis.com/ajax/libs/jquery/2.1.4/jquery.min.js]
[fortgag.com/js/jquery.magnific-popup.min.js]
[fortgag.com/js/ion.sound.min.js]
[fortgag.com/js/jquery.countTo.js]
[fortgag.com/index.html]
[fortgag.com/img/favicon.html]
[www.google.com/adsense/domains/caf.js]
[fortgag.com/js/main.js]
[d1lxhc4jvstzrp.cloudfront.net/themes/assets/style.css]
[d1lxhc4jvstzrp.cloudfront.net/themes/cleanPeppermint_7a82f1f3/style.css]
[c.parkingcrew.net/scripts/sale_form.js]
[d1lxhc4jvstzrp.cloudfront.net/scripts/js3caf.js]
[ww38.mywebsiteurl.com/social-share-image.html]
[ww38.mywebsiteurl.com/twitter-share-image.html]
[cdn.linearicons.com/free/1.0.0/icon-font.min.css]
[use.fontawesome.com/releases/v5.5.0/css/all.css]
[fortgag.com/css/bootstrap.min.css]
[fortgag.com/css/animate.css]
[fortgag.com/css/magnific-popup.css]
[ww38.mywebsiteurl.com/POST.html]
[fortgag.com/img/bg.jpg]
[fortgag.com/css/style.css]
[cdn.linearicons.com/free/1.0.0/Linearicons-Free.eot]
[d1lxhc4jvstzrp.cloudfront.net/themes/assets/star0.gif]
[d1lxhc4jvstzrp.cloudfront.net/themes/assets/star1.gif]
[d1lxhc4jvstzrp.cloudfront.net/themes/assets/starH.gif]
[d1lxhc4jvstzrp.cloudfront.net/themes/assets/style.css]
[d1lxhc4jvstzrp.cloudfront.net/themes/cleanPeppermint_7a82f1f3/img/bottom.png]
[d1lxhc4jvstzrp.cloudfront.net/themes/cleanPeppermint_7a82f1f3/style.css]
[d1lxhc4jvstzrp.cloudfront.net/themes/cleanPeppermint_7a82f1f3/img/arrows.png]
[ww38.mywebsiteurl.com/POST.html]
